Starting client
ip_address: 10.1.0.54
port: 4567
file_path: /app/resources/testing_files/file.txt
Testing normal send/receive communication
Created context
Connecting to 10.1.0.54:4567
Opened connection
Opened stream
Sent control message: SINGLE
Received ack: SINGLE
Received data: Hello, client!
Received data: Hello, client!
Received data: Hello, client!
Received data: Hello, client!
Received data: Hello, client!
Received data: Hello, client!
Received data: Hello, client!
Received data: Hello, client!
Received data: Hello, client!
Received data: Hello, client!
Received data: Hello, client!
Received data: Hello, client!
Received data: Hello, client!
Received data: Hello, client!
Received data: Hello, client!
Received data: Hello, client!
Received data: Hello, client!
Received data: Hello, client!
Received data: Hello, client!
Received data: Hello, client!
Received data: Hello, client!
Received data: Hello, client!
Received data: Hello, client!
Received data: Hello, client!
Received data: Hello, client!
Received data: Hello, client!
Received data: Hello, client!
Received data: Hello, client!
Received data: Hello, client!
Received data: Hello, client!
Received data: Hello, client!
Received data: Hello, client!
Received data: Hello, client!
Received data: Hello, client!
Received data: Hello, client!
Received data: Hello, client!
Received data: Hello, client!
Received data: Hello, client!
Received data: Hello, client!
Received data: Hello, client!
Received data: Hello, client!
Received data: Hello, client!
Received data: Hello, client!
Received data: Hello, client!
Received data: Hello, client!
Received data: Hello, client!
Received data: Hello, client!
Received data: Hello, client!
Received data: Hello, client!
Received data: Hello, client!
Received data: Hello, client!
Received data: Hello, client!
Received data: Hello, client!
Received data: Hello, client!
Received data: Hello, client!
Received data: Hello, client!
Received data: Hello, client!
Received data: Hello, client!
Received data: Hello, client!
Received data: Hello, client!
Received data: Hello, client!
Received data: Hello, client!
Received data: Hello, client!
Received data: Hello, client!
Received data: Hello, client!
Received data: Hello, client!
Received data: Hello, client!
Received data: Hello, client!
Received data: Hello, client!
Received data: Hello, client!
Received data: Hello, client!
Received data: Hello, client!
Received data: Hello, client!
Received data: Hello, client!
Received data: Hello, client!
Received data: Hello, client!
Received data: Hello, client!
Received data: Hello, client!
Received data: Hello, client!
Received data: Hello, client!
Received data: Hello, client!
Received data: Hello, client!
Received data: Hello, client!
Received data: Hello, client!
Received data: Hello, client!
Received data: Hello, client!
Received data: Hello, client!
Received data: Hello, client!
Received data: Hello, client!
Received data: Hello, client!
Received data: Hello, client!
Received data: Hello, client!
Received data: Hello, client!
Received data: Hello, client!
Received data: Hello, client!
Received data: Hello, client!
Received data: Hello, client!
Received data: Hello, client!
Received data: Hello, client!
Received data: Hello, client!
2024-11-04 09:59:12 INFO  /app/quicsand/src/client/quicsand_client.c:296: [RTT] 52.276741 ms
Normal send/receive completed
End of test
