Starting client
ip_address: 10.1.0.55
port: 4567
file_path: /app/resources/testing_files/file.txt
Testing normal send/receive communication
Created context
Connecting to 10.1.0.55:4567
Opened connection
Opened stream
Sent control message: SINGLE
Received ack: SINGLE
Received data: Hello, client!
Received data: Hello, client!
Received data: Hello, client!
Received data: Hello, client!
Received data: Hello, client!
Received data: Hello, client!
Received data: Hello, client!
Received data: Hello, client!
Received data: Hello, client!
Received data: Hello, client!
Received data: Hello, client!
Received data: Hello, client!
Received data: Hello, client!
Received data: Hello, client!
Received data: Hello, client!
Received data: Hello, client!
Received data: Hello, client!
Received data: Hello, client!
Received data: Hello, client!
Received data: Hello, client!
Received data: Hello, client!
Received data: Hello, client!
Received data: Hello, client!
Received data: Hello, client!
Received data: Hello, client!
Received data: Hello, client!
Received data: Hello, client!
Received data: Hello, client!
Received data: Hello, client!
Received data: Hello, client!
Received data: Hello, client!
Received data: Hello, client!
Received data: Hello, client!
Received data: Hello, client!
Received data: Hello, client!
Received data: Hello, client!
Received data: Hello, client!
Received data: Hello, client!
Received data: Hello, client!
Received data: Hello, client!
Received data: Hello, client!
Received data: Hello, client!
Received data: Hello, client!
Received data: Hello, client!
Received data: Hello, client!
Received data: Hello, client!
Received data: Hello, client!
Received data: Hello, client!
Received data: Hello, client!
Received data: Hello, client!
Received data: Hello, client!
Received data: Hello, client!
Received data: Hello, client!
Received data: Hello, client!
Received data: Hello, client!
Received data: Hello, client!
Received data: Hello, client!
Received data: Hello, client!
Received data: Hello, client!
Received data: Hello, client!
Received data: Hello, client!
Received data: Hello, client!
Received data: Hello, client!
Received data: Hello, client!
Received data: Hello, client!
Received data: Hello, client!
Received data: Hello, client!
Received data: Hello, client!
Received data: Hello, client!
Received data: Hello, client!
Received data: Hello, client!
Received data: Hello, client!
Received data: Hello, client!
Received data: Hello, client!
Received data: Hello, client!
Received data: Hello, client!
Received data: Hello, client!
Received data: Hello, client!
Received data: Hello, client!
Received data: Hello, client!
Received data: Hello, client!
Received data: Hello, client!
Received data: Hello, client!
Received data: Hello, client!
Received data: Hello, client!
Received data: Hello, client!
Received data: Hello, client!
Received data: Hello, client!
Received data: Hello, client!
Received data: Hello, client!
Received data: Hello, client!
Received data: Hello, client!
Received data: Hello, client!
Received data: Hello, client!
Received data: Hello, client!
Received data: Hello, client!
Received data: Hello, client!
Received data: Hello, client!
Received data: Hello, client!
Received data: Hello, client!
2024-11-04 09:59:11 INFO  /app/quicsand/src/client/quicsand_client.c:296: [RTT] 42.037376 ms
Normal send/receive completed
End of test
