Certificate Path: /app/quicsand/certs/quicsand-server.pem
Key Path: /app/quicsand/certs/key.pem
IP Address: 0.0.0.0
Port: 4567
Created context
Bound address
Listening
Waiting for connection
Accepted connection
Created thread that handle connections
Waiting for connection
Handling connection
Accepted stream
Received control message: UPLOAD
Handling file upload
Received data: BQkDoGZTTW8woOjLC0pLhK/0cbkDQpx70qYzRSIusym9v/xX3L9n03Cjpkjl6itHbASe1dGlQK1i
e93mQUpGLQgFoBDDAc9jTRGG4VBjodBPSwhh8ZNUQJZhQvsjuReee9DSszX0iaXUQtwHSo0qDotE
rUhRYiKmTRCEv1IunPoN5nKStimp4XqU8KMBI9ZcDK23aJN3sq2DZ0Yn2BTBQtthKdY0XCotGpCE
mgnsWZgVx/zfuMC9X4hj+ekqTHar9H4EA6LRws1UkYrPyc9zGqh53T4MEI+qz6UelhRX2Q+maiMg
6Y7hZYlB0JHUrGNxjEhcaB8P+WrR7/8DSJhKDhwopRYeA7DpAMh5FWicpW/SqakjqrpTywuQL5Ru
bXzKf4J6f/+F1rtGnZthLU5m6dVTZllZveostU66U+TEbseOJ6OSMRJHLGzYSb/eboCQozm8GHaK
d6NAnzK/YyaE1x3za7WU1QvW8NAxDa1c2zTn9bpgqJbJANi8wkoGnFStTohZT9ghxma682BMsKUU
GRQ64qcjILy1kXU7IVu5K5FOVo7b3bMmnhyJs7PJEHFMACK+SWeyuEWBSV3ka8xZ/wjaIUFLvUMj
Ph8u4uR87mZsVWfvkgMuUMDd0di3BMNisO98I/Ju0utn3axBLrUMmXM1WLYOXnDp9WY+X9av7lQs
bqfIp5dyVBYFB/Nx3fILnd8wEKFHQQZXpfEh+bhXurIHR1plLOWi4Hb2FqQlZApaZRzcPTHPJQ2E
9fTTuJTP3/choaB909dozzlE6V53D6qWNjYocW7ApqGcb6RWMU49wqiflsapCu6UTZ6l7hC7/Zj3
L6x1qrHaVT0hwSs8PZhTn6PGq532w87dhSKIpXtnsaIB92hjGRHRP9NLunENa+qsbihFbeOWKftT
MHbsW2CVsxqDbrsnsc9POYK/3Us5//b4fFEeayqTuHoQiB/KfBgm8Rj1Y4bCjTj0K/9+8tOxir6O
cJ0fOGyY8natLMUEHf0k6hq
len: 1024
Received data: iwk3Qc+aJfWYaqvQ0ZKPF5UZcTs5PS2ozV6vIlRrEYqf/3FusVVuZ
/2ZvjJ7UKpepTXL6hdsFEd3HWEGo/h2wdBUeN6jtXDfPw8XdkZ8aCIi419n812s72x0CDueM2dWs
xxHMLweEENVDQ1ymrXmte72uHvutJPSFvWsncG+cjvGGy+x654b/SLC3oLb/HVVASrvcIp0/Rt52
UEyOZ/W69QJsM9c6ZwMILqd2rcnhCrVA4oTXtvMAZ5jwuTm6QEWAwTMcDJpkTP1dl5SfC+9UPrwU
Mv7/MjQzI9RCUg93DoYYgpPJ16lD0MgPdVXaSwZB/mIemOqgf3mkZN6LK9byaWinOriv7EFspSIz
LaF1HN+ESPSOijP4DKjAiEAmX5Q9xQBLGgBrSkEVLtcJTyuNX7Wn6fSDO8bIUHrv6VxvZuApgq9b
Xt//jS8JPGZ/vm+VTpZpNXA55MvWpb9smDN9+eL3TzZEFC8vGSVvDdkrO0m20n6ENsxKbsUMNZgM
U1TQ8lCmlD+CQ2yYbV/jokrAMafghL5cPcv/11uhdmrHAHmQ+c8FKNEFmZR3ebRyU5ncloT0doOT
y4WcMCx7X0NqZmkZwwM1JnbhOhI8u/zFFTjSLPKnFeoVnC97OXaiuQ2mrG5zps9p5h70Y/UI0fKt
fF9mpZIFnjIUv+2KPt4/wFOHDsa4Lp+fVf4p9lcGyIruaMzrk3P2vMox1EvRAWZBPrnTZzP4gxkz
6EfanV1HYW7LZGbpaNQH8MDlQKqC9jF8p2UZOpAwIckmP1xp7Oa9HOPWCfdKgBSvgJbbfMEi+klW
e4x78g/fijSZDPIPftJVKneRaz1q7FJfVe1rmG5J1J5+r6LJ4MlG9pOS9n5H52KOUq+/jvU9A3KQ
Xp/0CuhbHRwcBigI8z7pBTB89WF58pK0BGFTQvrUsI4y/PJVV6E1Sz6anFZmomc5GhXP2hhePKjn
wBx9boZiz6TCcofGprLcYTesZAmIT+Wu2cE2zz3Jzlmcq8
len: 1024
Received data: 0ai+OBTQoEo44rFWDcSKMQJQudfcOv
vkeTKClYDqEs7HdZbDLUzFyqf2wK6a9FfKPIExFUgm9UHYVDSEaa/p9kUDIOjbj1jhgWXpTakRGW
qvuQn1lwI3KQyYYi8lFIrLtmc8w9tgUmaXPyxYSLjw3NiUKFhVEFTljJ+ii2Mj9U2hfTWb/8ddMr
/VNUNnXVx6D+ihj2dpJHg3EomhT5PhzFvyJGEnk5nr0aA419isGHiswedzNdHO68a1b7tw7wGPiS
44Zqwm2LK+qROx3YOeR2g7iIJhUI0t3Y4w1u3MNYwLaOE04VRoOyCq3JIi4hDh4Kqe8GPm543CrJ
l7coZ+0Vlm6uTnZ0fqzsq8VRPmHWdSKtcsO1MxzljsefzrsJBrr4FqMgQAKV0TBQClHGFRz8oLF3
SKa0pnAzNbymJcSKHzvPdKY8B1rjUiY9W2t89hA2p0ra3tJufNiBK73Sl1BWAyKI59znbk5prZmS
OVf5bhr/lbWeHmHLAw2mnXVQK43Rkaui7MO+dDe/twT3x0L+1C+K1oSS0A6ftkfjirVb2sVqcEFJ
BkwHLr6HA2G8Jj+klN/uf9U3MZJRZYFfd2fwq3qgM7qoXq7hYLY2xjzfepaDrR++sOt1Vb6kwLwU
RIv0kVY8RKvsyM+Otn3Icz3vrX2GzEZLps6uBbx5qzOffwz3AxJ7Oh1MV5BQZg9QQhdk9B903hpQ
AGLjrbZIwqCZUBn4Eg/972v5HvP2ycWOb3ELzQ4ZQrE3UlAszct03ybS1PsLcRS5UBSaOHMJjn3K
8RXrJEFm1yNKME5+dUlXZezyzxIfIMF1i0asQGyQ7jusmjcH8PBpqcgeFoEmWX5orina0ncmH53c
hEa0l81fvefEuOj2zvumCqgwuw/l4aEK/SPVUu8MKnBrZK3aunfHnikgh2UaAO8/VonOYoqkurAq
mNL7KRBb4vTT8T4uvbpx3+zthbihD+KqHsNIRuhd6imbGGQRjXlLmHTATyB723ruY7XdR
len: 1024
Received data: 6l+KQvg
N3pw12mSr18DlgJQb0KBmqtNSFNpki7jvy1mft0uB6R8htpPLPGR9MoOpUlp65aK3jLmV1hmcUfi
ghQLP1pdWa00L/XB8M7uxSYIhp5dwDc0JEyCZYXkJxHeZGucXAa1wQSFZxnEEiocR5DsUYefBvgP
MVZx9t8uNw1/n5KB7CPrIGqg8s2pU2pFY0WShYOUTS1nGoB2Fi2r/zHGFfHO4oihx1HP61wJ2B7q
PGQ3YuTWis6XvNIR5QuYrdEHfI+SviCsvlZCcz2RDQ0Y+XDYsk56rtBx5hSuQ4b3B+KU6yil5jMR
QsiEOXMKGgXWS9RQfTRTDWLVFHtG2vycKOvN+FwQqvmUECBQ7Z/a/fMWZ/LNCMksaWdsTxVIUkqc
8ei06/I01V8NilHl2c/wvDyE5lJRNzN4+/jJTttPR518eiVTYJ78GfB0m/Q/EjYI6WOUGm/O+oRJ
hqYpnnY/5n2vwVhPsDU4+gtnZnekIjyto3Nr7tUhBkopr2tczr9S8YIWdDukM7afZ6TOwcHq989v
V2wawDzyVOHAfU4QOqESBhIWvw7LRUWuL3rkVDdkzdy2Soy85SVbsP2r+vZ3ABpq0iCn/BKI2DQ3
EC3mFDmbeFiBCUiLlUQFrO80LOjKNjqZGqgRrCH/1hmfdg49HdH1Nsw/QCEle/WR2KKeCWNloLe6
hx48uuZxSRZ9HDhd+MaeY1VJc7d4vuy/S4DsCqudAOqzBd569IuAtV7JrSR0tTllhlgjFUN6JWiR
fuz8LD8ldLyAKIJpSjnAlM7RS7qZHmkTzz+iR6u0e1cdNo8n1IGPTOdx8A7ZTf+gQQ0pxj4K0pie
52//VjWnNhCfpPFoHrpnrpI0fQHvkr+8skauLDwNbeMTCat6OjiWEHasMomn5ZzEmSfv18qX5CNq
WUfRVkc/LsHsx4FJ1QuGcMOBUSb4CH8uaCAcNBRTAa6jTR3AmOBYWN5AESLb2IB55kJd24+CkRiB
alu0ksJs/CqP69Q
len: 1024
Received data: 5rU30PlNx7A0QQG43QHKI/Zq8Kmj+CT5Wl/CzYqrWCuthNNx0XQcK++4DN+3p
D+CgCY+HhZEVBZGILR1Lb6BdZqZzwEMcfBurXVLeNn9Y92pxvtRlmGgarfJY1bOr3rL8AiTT3Nh7
9MTzz5JVw7D1Ju1yEmh080jdTD5FFhCv2R6MAbNdP8TnrGCVz4YPBDXntSlCMEmgxG/ISKWOZ9o9
uzRyZ0MbxKRlnEaaVxlWBpU+meQPXHonAFj+4MkL0iK5ojCgXvM56Iah/AFM2Yvj4evaT+N6cIsA
QuX+sHYZUk4YSfS/eRYRXCnvy97muP+pzBj9PFuXay2Jk9CK0zxan0tJZDipVjmXcOf8mfE089j2
mbUrZs3l34C8DnV3WraHGhLXeMpEYQRWEYbzvaJTWB+d27q2JRptor0m9n5wyA3TCTi5qrk5ZsrB
opuc2gB9XZo8E6vuENqaWoNz3yBw+qqIDFoVkUJGqkhFKkxtZFa4kC5+Vpw+HHu76z0iHcXbrRhH
B/51Jzv2LD2odPOYgyTkGoFEMNGIKUq1d0gEAbHatJvRTsWiu99DFC4hgNaBvB/7E7xG3zfV8YOj
1qap6D2bvDz/rEkbS3RcYBKk90/UMdJufFf9hu3hwifFvtkjwDf44l5LtD8jZmJwXnGlteOAXQvP
fQxghBuGVD4KuiLjkkYxOn5U4uLZh57+HgvpGd81i75VXmkK7a0KjXdRiqmhCnVTvLOPNgdL180L
IaP9/yhRJhDJzoT5186OWpeirR+r4I/gFiejgsFR+YER5vtUBMeklsC7vEMhnDsBRb18Lfh2Os/L
3XEH4NnvhIdwcPs8ykql5mba4gCo1Dnwk0yUAI888dRdCczP5i1AEs2fDjxcyYqTejYSlgWqvZbh
s53UFJ+nCwOrnj2AgjrgunxeCyA/IUXg8PT2T0juLXniaXkvxiT5RgvZLFfp6nBVZch9bOLqaOin
Z3Zt3t9vERqyTxVJYbLFyA+PCv8ACGeg6gL3wt
len: 1024
Received data: oZuXhYIiZ0d1ZeLwtOZzoxW69o7otXb1yag33s
7s7Q33+qDZNludexrhEYn95fMdgRAjwfPuJgs9HXrkryFLijLTinMzDV9mlWy9S0dz5OpoMzJRKe
DDXvOheS2Rwwb2HyP16SjcfNTVDgAY5ojmW6ftZAUsmtv+scmNV4RWm1eaT5/lGJH5fGHuPKJyZz
m80Zj6qGLGJBXbT8mttcPo6lh1xTkCvOq0IjnvEomW0U46NXqy2YsTNzmTcj9ecslkTtVaYslYXm
lHtUziRscgw6/hG86UZlq4hy1pR8I+Ss8a1Phq8hn5UCpGkoCzS9xp9r3YRMVgbnKkMsN1AcO/RN
9b/NrxQ+w9nT6IIWLpMLLtEcbYNkx2nFMkMQ19Jd029uhX6WSXgqG23Y6d6n//hMVL4cvOdiWPNt
7iCebiT6QOMoyAdORxD4xL5nPVKCh8QPeirbsJvXA5zWpn27Yis9xIrBdwN6hsU7jFOElHX4Qk/3
4BL7WjTRDInN29GpS8ISfILn2T/hDVsss0XE3aiiuoF58AJKD43nkgfI3/by4dic9QEjAA3ftSA9
fYlXn5ftkckP6Ff9/lKGf8AKMJRC175KM6AQAXEWK8a4LLaWEoX9gkft4gB5XEh7u9VI7wgGJ+Ip
pmmeWvI4fUQ8fxB6xtnP0UCU+2K6EoJUnuu0hlUi25XEmWV159f+yXTLyrfFyTJo/Bk0D8cNrfCH
bKEijiYKNg6MlEki41NiT5Z5l8HCk3eAx/Ui7rYns5EolgpE2RANkL2UyK0E4AC+g4KWC0UuJHCE
sfV40UmOq9awJgy9tIs/tvgKKbeu59/3TGAd2H1VVs+1uqblzk0DxrP5XT2xxUNofHud8JdrxXab
FVWE0l3GYui52RV4yVjuufqhKXwU1t7BtShqOHZInithOskFLVEIPPQDQQ7TCVrv1mewJjnRvLgI
0AvAoZwI0AiD46dRjfige3akrtjX1cOWDxw7GosaLdfUXjaj83O3Pr5p2hzt9
len: 1024
Received data: LeABEe+aX8STV0A
Dvv1Yj6oIbu390jH+FW6n20biitJvQBEAmBearCKgT1rdP9EsQl+7jxfJWzCrZJ65qUoik9rHGYs
Vq6NGSyW1Pe4fOmNKYCDw+loxNo+TthdfHq35vc1dY7RIbRgWpeD5rWw6WxJTPGyq6ibhQ5rq3AF
Vf7RBazpl7As9e3jSGBOeTTBMnBcF0FdjkmhS1Jvrw6Wla3SKT12fQ3bEeqHe5EeCI064afGMIJN
x4VXkoKmqEkQBtifgqKlKzsQg3FPtJAPKUfJoz2csVKP8u6VQx8P8FwLQR/mzqD9CIid2et2HiVW
itMvxyXJkfHECQizzL+AJdqZgPkf/e5uGlhSWa5eYqlP5eH7aPy4kbnr9oFJXiPIsoNgtlGaAzhP
9rCOAuI9hfdP2h0pl0yBBKMpsM5b0zzOaAONDfL2pT7CUF3LNLSRNJ29oR+3BF1fojHJQg2ndQQA
wSYCejGie6MrwU/+Uf6cQ+TbwoftmUyxg+gAhFKD14anVnD7JVVEnYJpnlsfXAqONe4Yw17xWKyL
IMSB8i5A8t5RZK+beyESO2d/o3BYwhuEd4sKkUmQM24iFgu/dc680BgNHbgORj722O5ZfWbOOTDJ
MHtxtMhe1XfJjksy0BPXAap4IeA1mwHUt/ck1VP/jDe+GUoulprmyApt78OSF96xyKyyzuWWg0G2
Eobs6lP4tQ97Ft3lcfmIfs96l+glixhfH4o6EWhmwMLtbl0rerex1zAp+s2sImCiL/mPGa24Jz4O
sn4fDqNWiIUx7Jz0jLpKfCMtZwArDUbGeHBlB924gI+5nvK1nXro/dNCFlzZLdZgGo2NhwDuDmKM
n/0o/77SBXCHoEnk8RCevUFSOOjEf84mFiifu9Q+IC9vHNTBSkyvQGoJqUSFvYanZbB4S3/LMX3m
8tdwTvF8SJUpA7AMfJZb5RQ8JLjHC6dcI5nTM9P/vRYB47OaB6OSOxRTjTulivHxHGEROSDuRpzq
5Q5YBVO
len: 1024
Received data: QuceouwBWRqmVqyN2YqDVzD6xBNiX9gUEwzMhWl7mAuQFwdt/Zo3sXqw4+igdHTZvlgKU
P3Ser+Mzd/COxH+fvgOl11wGR04s/jcGL/LVT0LDVFhaxICEy34aIPjU1HQx8ld5SjlRgJZpt9PA
LKH8DoyMxMrz77nZygxokkX4aiTaeoE5WmbQwEz/Ylp0HE4hCE0TgF+L6SJKFOjtSx7cLBo6uaie
tCX2WyOxB2BJFJhGnNSe+sfKBhCIXgVBDDlPV27E5AgeDm7ikxz2XmNA8KxaH1+vjx2P2Rn9Tkb+
uCxdFEOeuIUkoyNXDv4gqe6OFHKhgrctgnrFxOg9QBLmEkHXw1L+f1/PxpvTTCBq9AromCXGLzY4
Rt5RxNNvAEIMVVxU8UL3PGoqrfUC+qoKhQ2Ivt5FI9jbO2vBIxAIVipR5jNMQkO3Fzpbds4tzY7/
bRKa9YdfyZbtu7gAG4F8mFqHSK/9MCMn+rnffGgxHG1ZVbUI5gmkIzqBRGVwxbfDtpRgGazU1um8
Mpp6biyDTZdS1ueURAKbQgXYgJ4Shr7mBHK+xjX0+nVeoly/TlnJjaGewPj/T4quCTIATsLVwsdX
RJfUrizdALLLh5cm9PfAVVV6Q3Kf5DuF4TbFEozm8q+UtCfNl2GPi5WvZhqbLfo69OsxAJ7zNbLg
4dj7jQucGT2cSdLzs6hCRI81901h5CgOrcLsIu8Ebd5vqAzeLohGPhaNrGUUf6nqE72FkmZ7iDZr
IyKdErdv7BWI6X62LlQFnXGX9CdQaW3o2LpyrGpOndNPmRBTZmqW0wbCj0NIbQv6bPhuXMzsBtmm
10v9nnv6WLTAWSejUA+yVrUmRKZebElvfdM+mGqiCZ0db1LTiKtxQEFJVUz+pbNshQYOoj+ECwwW
bdoj3kgw+Z+MgB7mGA0qVIPGwmF+ksYSSrcKLcCwBWPN/bypXQ93/IdG+80BtC5eWH19bQ6zGAeZ
I/Z17cMkzWih/RZHRm6Bln3HKxKJBy
len: 1024
Received data: c5lfsqMkQavjj3d/dQw/Na6lE4jDyx1gQOcrT7yTyxhHwI
PdbWzlkzTe114BLEfr5sqPu2RPO7DIqlJQ+qV1mTk0I5SSZwOhOwv7+/WEP0wgQA+g/v510oFjIc
RbmKbHmIiqozyuqd0PUaxtwiHVzIe8mPtegjDOA1RCS8Th2LQaH6LxlhtzEmXKbN+vDtVVgbM1t3
BR7Mut+/9ye6yp5BeIhFEsPLnhBsTMa0BVzZP2SyFzczppvXxSOq8OgiP08nU1edy2gyQez3RVWh
f44I1JZZXCeorrmEA6cn5FkfAQIdHMtyWTqgAMyz4oOPmN381+AYlRbC03vGOPATXe5wE39TvwCZ
9dkSW5bKBvJLQSscemK6JXwcJotBSRpKo6kfw3+VSKmiS5T57EKC+iKB96cN2TZSElpVnvmWza55
bEyTl6jyZ3k1zyy3++aYISEWPxdeGu3j8vZQoVIxcPgJPueUqpOK2lTYJ9dLjS69nt8DEzxl+o2g
EZZ1+2ReogukiFb5Xf3PZ662IQ9x1j/jqCfXu7WP57NptG6o7sbscHCAi639ABoXNQ0FLR6IL3m2
ixz5vx5kaMRiql5bZOeJxqw1K364i+HzpUGGgk9zksSK1Lstmj0EYq56v9Jrx63Hxqsy0Pn0963Q
vGWfuKMn/uZSbpxwynDd+rqyBThj86vTdI72tahjJFwphL7ctlJcpaRS8s+nRatvlDTccwvAEx1I
K9LDhOQYy0vWI6/Vhw99DqGTm+wwhhBaSfKCnyQ5L6jixcXngCLY+DMvQeRmIgNj7feE0EsYQyrW
NwWtpBH+ZarcbnfBjgUFrc347GLpICcHPyqzvs3fQmwUzWusq2YgntaW7M9o9cmH/kVkyT0yK128
u0VLl8wDc/X6A7JZvkTj73bwpa+XGQ2T7R4BmBhTUgx7L7NMSP0Ixj+D2WsaOusrORigi0Cl0haK
oUYy1+cG3t1jLbClmGaSbghE776DAG8LDU+k1GBG9alS9ckSlWsVp
len: 1024
Received data: tQWImJ/t8MMSJvqryuv1DZf
zxNnMMPPh7MeSCi5EuWkODSI94gfmRD98Whkto1i5kk8agDC3alKr1cX1eq1z11UT3TDW5/3csuf
FAkjiVxTOG58PD9697Ygyk3rYukF4APi3f2J5babh1hx74f1Uhk1QFyeUqvx46l/ledqNbDdSulF
zdtQ9+aFVuEyw4mb8d5UzLeMHXQXopwpl2fe8iaGAyuGIgUhQUp5mnJmIG3b61SlJv3lGT0PoiIY
Rkvj9yMe7RxL/GHTo5mFZDzlvnrN6Pq3VcxvLkYoEEOucUNJMrYDEgFcNEfRuJJjlo/sKelgl9hj
BCE0xxFS+pYTWDVbCF8Qm7FRKIPraRE2lZgj3QkTHr3KH8qZ+/zEvo+YBuB1os1jtJo/wHQPXMJu
F6fvRefgOGPhXe+SPR3gCyDd3iwx4qn+xwYcyRgUMn+m49zNXWPMce8fj2T9FiS1TYDvU68Bf+zE
CdUPr6Tj80ph+yqxsKbll4M5oSJs4ToCWV8kIZpV7r/aOFjMRd4PCh/+UUZC9+vqloMtaqiGaDL3
g71MOr8JwgoxQT1nNBzz2xvqeYb7t6qbdLtSy9CG3Q0I/7VDaj6f9pDHTNx9UNmP8rAjajE6hBsr
XwpA4CYoyx4Ec1vGk2o/Xr1hdqRN0suGb5NyQdIO3t5ghHtB8sDmTcbY/aZdo7nDH9lyuOyA7okS
4pxMpfMgaMruv9dd/g1kZA3DUo775XJdj0Yk5hQUQwrJb953CYlEa5wcnOjOSH5xmT96+nXmX4Dd
WpC6bkQ8ZRIb2QIeg0AsmUEtdcBgW7zajr5L50+Cf2AxOdJOiqQzlhF5XG80x4xPsnoT2/38MN2L
g53EMq9U3h+3fKPJjEPE8i1i2Biq8/PIWpyf6URLSO1f9lqEh7hdmlsP4qNaOoB0YTmYaE/nTP0P
oA62ojgYlnrTAnmiyR48FZvlfU0VRVZz3P9P+JKYBsmpu8yhi/4+4n8+IBgmTfA6p15teaZzb7/E
len: 1024
Received data: 
8vh3JgLHHK3mtXl/83D0P2SOWF3yU9QI3pQsX6qrIMI8hDBNrEFpGgH1o5fdejayV9zbVDy7jh5z
pkzxEc5FrtcjzCUcROxzsND72eKLcT8Pg0u0aGRU1VQTHHfL5169x3RSaX+5CTegLhR5021M7A0p
0jVPa96zhZFL4a0eeZvB3MC9WqmcOWwPF1aAiAICAMs53N9jBquhH9CeRvG9wNvDgjECPkzSsDNA
jriWKdWgewwseTIJg/3tF7w6ijQbJnVGArKD/z2FQYZA5GF6PfvcDruRD9j8BS8aVAqgoMlSrFHR
BmWViFUaPJ18Y4pzV059h8hztcRvwK3p8WUw38PyESPPBvwYQso3c6FjslKCy44LTcH/xsnKs4yd
u4VNpJqsu+kZrWy6Vju9t/ZIluXRn7puVcnfQvX7KNxKH/gT2UG0oualqYCEfR5vmR0mYEcFDxYJ
FYqkVvmt24rFHZ5bksAQTamzeBVMBmIybU3P6rMEWOJmMsQpwDMGWvy7hqokoj7v7by0td4vuPMW
7rq7Kmm85YAkEg0dbn1i4v2RIc1f3Y4QC5yKRLHVYbAfGruBy5XigY+x5iW3xuxIjiGplhPsIqQg
Pyt7WMhhLZ5PbQE4rXS/3pj0oKRM+SSrQGTBlcfm2M4arfvud9rVb74blQz4AMscuNU95gsPPrdX
FuWgvGBpgswcThvDAi+GcJ8MOavfP3Z2pJVCB85Sk0Rpa7QUoLiCTJNi82zs1b+NHeVndkLmdtg5
QyfaXiu9kFw8z8GefTWlLvAo2PJaknyxaGlYpDkf+E7XOzScFjZw4oTcd9Iez36f8CWUleNS7TjV
u1Jy+h85zNRkOZIGkLcLe11EqB2BYyc2zxP+2dTEGCyoSSU6qwF6l4OTmgKuisT0TN8bUAmf1eFh
93sde7SUhF1++k/9kqp626FNUztKoQ6Ndt6wzA1ZTTdRWa82NQI2fqayZNseZ8sjO8FAP/CPDyTD
9IB8X9tzWda70NyDGimR9i
len: 1024
Received data: 80OZgYloTaIPKtt2fJeAtIxr2aRBZRxmHikFEzY/bkTJDoRjBGt5uW
6tWcuLvcLwvf7s0Fbq9dJQ/I0SAao07peGhPBLbchOTWQaJLP6mKayAsPwny2pOD6D4c+RFdJxbd
c6N1/FTcZwczmdSEU17ph5lXvibWAvV9jghwIqIMRqsffdSOffXxv5GAu/SlziSHjdSpcdYZnBAh
h19XJpWKqr4dW05i2TjrA9NPGe3q8o3LHD4b1Ie+6v9WhV3hgxT4kw7VPdin2n3Q/Wxma+n1otki
6DHf8P8c/Ikk0JsvJ44AOfyS0bPdPW0EUmgorCNLPLN1aoAQltOf/1lTR/bMNtiVxDAkpjzXjUgt
mjAK3b9mu4Qga1gK6cyeNoyFAcAQ6NyogeNRb0p8gyBQPtJFnvINhX8PQ8Gw5/pGx9XlT0UpoJuS
jjVzjdH/StTc1r8oJvGwWMhktkOu/LJXijftJvr7hvN7lT9Ds9o99TD1OoIrO+v3E1/4fB+ytpnj
oFQeMqhDGE7IxzybDwiiI4aA1Tv5sDYvu6U34Aez4FQg7BgnB5QYPd+MBixmJh5DNPuyT2HfF7SF
CsFNhIF1sEhMAUdksL6vQ76oi/4M3YjHPWXhyIuXUZRkPaZ3RVOJKXYQg3iOmxaO4F9CE/x5NRfC
YK9yl+c5RQYudIDFZ3sAXoKp0DgmDTRYQecLeUo9dugmlVaEMaMFX+sYD3f1UL2Ihz2xftOudzda
amU4xBRgvN9lAOBRe/JBa8Ps9xCbuKnli7vMTVCA6UZLcOFXcvo8pEiw2hYXzFea6puFKwVcrtR7
Ltu6Rvh4VpCchiwE0U9iGphRH0Vw2S7bZ6SOj2B/Ph1ohYxM6eOkRUKtzOGz+gRPveZh1SbR56qG
1KiGSkO7NxmdDb5Jsq52GiW+Q29zjJfXGqpNoPVyjbxABBBXhKhoJcNzAdC37yFzVHGw1/GB/vxN
WpXREaXZzHcKgwuOxlXtPrjYIfzeWeoS9ZaccV4BIU67G
len: 1024
Received data: HIiVTL6x0oL4D/hMIkgfmv/Amwrxn/t
Vbn4k4odqcwsTknDkneITBmbPJ0pfMbOSsEQ0TshnphQaJuGDf1RtuklMPeCmR66gcY2S2oKF2iU
IhiiJHCbYftSF52kFC7zcrp4U0mzdF6bZ1GRDt561xuq1Mu6kUkbQcouvIUPrgvRfpXu8B43ZelR
blp9uV8jBL0s34GlA+topwbtirfO6KgKLhVHypTndBWBWG1Hiz7RqhfP+lGKCK5iQwdpwDHq5AJy
aKLrWfvjx2mF+Tf+wiU3Ps5XGP4keGpnSvgwDWrw3LXwouAp7/Il1sXwldIACkrzW17p5QnVSWpL
PSZ8usoD6aKQUF4w7bxBZhxOwgocYGcgflC18yzjezqO0Eyp/gbsTer0odkftnPkSGYd+uWKa97z
grvlP1D4oR2CYRv1IuC8lKyRYfekCOI9xYFncgSGSPyGiiFyHZA6fuxzEu+5WSV1igK9a2QWh9hv
AG+lhS9J4Ay802ko7u9Q/6SgHfpvzELp9iTVev+FGfSjIbFxbK7YpJlgupjuaYM1QsVYNMvcQKRp
+AQDapGqXaMQIaFGwwRns+YAceCfp9pumbUR5C7SiCdpQsUi97hWFLOYXF1XNCPweBz3nidOjWQC
mkRrNelQzbtkfgQ/pPpq5W4L9nHHgjsFtS+VACifmMOKG9Rxw1NCCPBMHj4vokPcoWVZ5MmhNbrE
6O1LEYN9fsReb0EToAd4IdsDd9pO5P5WnwOiJAIAViiPxb3X63CESJ0eqkRwxPJqrjzZJwx6cwZf
23OtBY1IeRkYraCz+hedzmO6eO7ANxRbl5Xh0T3nve6nIhvs8LiyuOp22qQeStMMxg0Iw1qpWkqK
ZKzUPsop5TPDDywpwox9f8iPf6+1Xo7s5zYKKl9z7alYGnYrbhoq87JFr3q2eekcCoE6UJGbB5eu
2cWd2wLoBpiJeU7YZC1Wz7xUZE+D6ASGzQODsH0UMU4qdUcvCgj7vBPy9nKjKQd/TC9v
len: 1024
Received data: RcSoyqEa
BPBaSPirTB1dMlDURutW67wZhMlOHLBsJJZnsxsmZPclThwgTWTR6DG45treUGYV7ceDdMSrGMKP
2gmPfYHI1qoMeo2NinGE96A9XEF2iRCjK0GRRB2qcIaUvUAt0MM8epMWuu9poEMQmj6/pVCBl0k7
YFeXSaEpkWd6jR2aNn2oyRwXToXrguTTtw==

len: 200
